<?xml version="1.0" encoding="UTF-8"?>
<!-- Generated by org.testng.reporters.JUnitReportReporter -->
<testsuite hostname="EC2AMAZ-R6JVPGJ" failures="0" tests="18" name="com.accelacrm.test.GovDepartmentTest" time="0.008" errors="1" timestamp="2020-02-17T18:25:01 IST" skipped="17">
  <testcase classname="com.accelacrm.test.GovDepartmentTest" name="goToNewUser" time="0.000">
    <skipped/>
  </testcase> <!-- goToNewUser -->
  <testcase classname="com.accelacrm.test.GovDepartmentTest" name="CreateToPublicPeople" time="0.000">
    <skipped/>
  </testcase> <!-- CreateToPublicPeople -->
  <testcase classname="com.accelacrm.test.GovDepartmentTest" name="createToNewReuest" time="0.000">
    <skipped/>
  </testcase> <!-- createToNewReuest -->
  <testcase classname="com.accelacrm.test.GovDepartmentTest" name="createToManageRequestType" time="0.000">
    <skipped/>
  </testcase> <!-- createToManageRequestType -->
  <testcase classname="com.accelacrm.test.GovDepartmentTest" name="modifyToeWorkflow" time="0.000">
    <skipped/>
  </testcase> <!-- modifyToeWorkflow -->
  <testcase classname="com.accelacrm.test.GovDepartmentTest" name="createToFAQ" time="0.000">
    <skipped/>
  </testcase> <!-- createToFAQ -->
  <testcase classname="com.accelacrm.test.GovDepartmentTest" name="modifyToPublicPeople" time="0.000">
    <skipped/>
  </testcase> <!-- modifyToPublicPeople -->
  <testcase classname="com.accelacrm.test.GovDepartmentTest" name="setupBeforeMethod" time="0.008">
    <error type="java.lang.NullPointerException">
      <![CDATA[java.lang.NullPointerException
at com.accelacrm.test.framework.selenium.BrowserSetup.getWebDriver(BrowserSetup.java:21)
at com.accelacrm.test.framework.selenium.TestBaseClass.setupBeforeMethod(TestBaseClass.java:48)
at java.base/jdk.internal.reflect.NativeMethodAccessorImpl.invoke0(Native Method)
at java.base/jdk.internal.reflect.NativeMethodAccessorImpl.invoke(NativeMethodAccessorImpl.java:62)
at java.base/jdk.internal.reflect.DelegatingMethodAccessorImpl.invoke(DelegatingMethodAccessorImpl.java:43)
at java.base/java.lang.reflect.Method.invoke(Method.java:567)
at org.testng.internal.MethodInvocationHelper.invokeMethod(MethodInvocationHelper.java:133)
at org.testng.internal.MethodInvocationHelper.invokeMethodConsideringTimeout(MethodInvocationHelper.java:62)
at org.testng.internal.ConfigInvoker.invokeConfigurationMethod(ConfigInvoker.java:340)
at org.testng.internal.ConfigInvoker.invokeConfigurations(ConfigInvoker.java:294)
at org.testng.internal.TestInvoker.runConfigMethods(TestInvoker.java:683)
at org.testng.internal.TestInvoker.invokeMethod(TestInvoker.java:510)
at org.testng.internal.TestInvoker.invokeTestMethod(TestInvoker.java:172)
at org.testng.internal.MethodRunner.runInSequence(MethodRunner.java:46)
at org.testng.internal.TestInvoker$MethodInvocationAgent.invoke(TestInvoker.java:804)
at org.testng.internal.TestInvoker.invokeTestMethods(TestInvoker.java:145)
at org.testng.internal.TestMethodWorker.invokeTestMethods(TestMethodWorker.java:146)
at org.testng.internal.TestMethodWorker.run(TestMethodWorker.java:128)
at java.base/java.util.ArrayList.forEach(ArrayList.java:1507)
at org.testng.TestRunner.privateRun(TestRunner.java:770)
at org.testng.TestRunner.run(TestRunner.java:591)
at org.testng.SuiteRunner.runTest(SuiteRunner.java:402)
at org.testng.SuiteRunner.runSequentially(SuiteRunner.java:396)
at org.testng.SuiteRunner.privateRun(SuiteRunner.java:355)
at org.testng.SuiteRunner.run(SuiteRunner.java:304)
at org.testng.SuiteRunnerWorker.runSuite(SuiteRunnerWorker.java:53)
at org.testng.SuiteRunnerWorker.run(SuiteRunnerWorker.java:96)
at org.testng.TestNG.runSuitesSequentially(TestNG.java:1180)
at org.testng.TestNG.runSuitesLocally(TestNG.java:1102)
at org.testng.TestNG.runSuites(TestNG.java:1032)
at org.testng.TestNG.run(TestNG.java:1000)
at org.testng.remote.AbstractRemoteTestNG.run(AbstractRemoteTestNG.java:115)
at org.testng.remote.RemoteTestNG.initAndRun(RemoteTestNG.java:251)
at org.testng.remote.RemoteTestNG.main(RemoteTestNG.java:77)
]]>
    </error>
  </testcase> <!-- setupBeforeMethod -->
  <testcase classname="com.accelacrm.test.GovDepartmentTest" name="modifyToFAQ" time="0.000">
    <skipped/>
  </testcase> <!-- modifyToFAQ -->
  <testcase classname="com.accelacrm.test.GovDepartmentTest" name="goToModifyManageRequestType" time="0.000">
    <skipped/>
  </testcase> <!-- goToModifyManageRequestType -->
  <testcase classname="com.accelacrm.test.GovDepartmentTest" name="createNewReport" time="0.000">
    <skipped/>
  </testcase> <!-- createNewReport -->
  <testcase classname="com.accelacrm.test.GovDepartmentTest" name="createToPlaces" time="0.000">
    <skipped/>
  </testcase> <!-- createToPlaces -->
  <testcase classname="com.accelacrm.test.GovDepartmentTest" name="goToAddCustomFieldForRequestType" time="0.000">
    <skipped/>
  </testcase> <!-- goToAddCustomFieldForRequestType -->
  <testcase classname="com.accelacrm.test.GovDepartmentTest" name="createToManageWorkflow" time="0.000">
    <skipped/>
  </testcase> <!-- createToManageWorkflow -->
  <testcase classname="com.accelacrm.test.GovDepartmentTest" name="goToSearchGlobal" time="0.000">
    <skipped/>
  </testcase> <!-- goToSearchGlobal -->
  <testcase classname="com.accelacrm.test.GovDepartmentTest" name="createToUsers" time="0.000">
    <skipped/>
  </testcase> <!-- createToUsers -->
  <testcase classname="com.accelacrm.test.GovDepartmentTest" name="createToDepartmentName" time="0.000">
    <skipped/>
  </testcase> <!-- createToDepartmentName -->
  <testcase classname="com.accelacrm.test.GovDepartmentTest" name="shareReportsToUser" time="0.000">
    <skipped/>
  </testcase> <!-- shareReportsToUser -->
</testsuite> <!-- com.accelacrm.test.GovDepartmentTest -->
