<?xml version="1.0" encoding="UTF-8"?>
<!-- Generated by org.testng.reporters.JUnitReportReporter -->
<testsuite skipped="0" hostname="Accela-2-PC" name="com.accelacrm.test.SampleTest" tests="1" failures="0" timestamp="31 Jan 2020 04:37:49 GMT" time="11.633" errors="0">
  <testcase name="samplemethod" time="11.633" classname="com.accelacrm.test.SampleTest"/>
</testsuite> <!-- com.accelacrm.test.SampleTest -->
